Arguments: 
  /usr/bin/node /usr/bin/yarn run flamestore2

PATH: 
  /home/aabccd021/.local/bin:/home/aabccd021/development/flutter/bin:/home/aabccd021/.local/bin:/usr/local/sbin:/usr/local/bin:/usr/sbin:/usr/bin:/sbin:/bin:/usr/games:/usr/local/games:/snap/bin

Yarn version: 
  1.22.4

Node version: 
  14.11.0

Platform: 
  linux x64

Trace: 
  SyntaxError: /home/aabccd021/Projects/flamestore/package.json: Unexpected token } in JSON at position 1091
      at JSON.parse (<anonymous>)
      at /usr/lib/node_modules/yarn/lib/cli.js:1625:59
      at Generator.next (<anonymous>)
      at step (/usr/lib/node_modules/yarn/lib/cli.js:310:30)
      at /usr/lib/node_modules/yarn/lib/cli.js:321:13

npm manifest: 
  {
    "name": "flamestore",
    "version": "1.0.30",
    "description": "firestore trigger generator",
    "main": "lib/index.js",
    "dependencies": {
      "pluralize": "^8.0.0",
      "prettier": "^2.1.1",
      "yargs": "^15.4.1"
    },
    "devDependencies": {
      "@firebase/testing": "^0.20.11",
      "@types/chai": "^4.2.12",
      "@types/mocha": "^8.0.3",
      "@types/node": "^14.6.2",
      "@types/pluralize": "0.0.29",
      "@types/prettier": "^2.1.0",
      "@types/yargs": "^15.0.5",
      "chai": "^4.2.0",
      "firebase-admin": "^9.1.1",
      "firebase-functions": "^3.11.0",
      "mocha": "^8.1.3",
      "nyc": "^15.1.0",
      "ts-node": "^9.0.0",
      "tslint": "^6.1.3",
      "typescript": "^3.9.7"
    },
    "bin": {
      "generate": "lib/index.js"
    },
    "scripts": {
      "test": "mocha --exit -r ts-node/register tests/**/*.ts",
      "build": "tsc",
      "build:check": "tsc --noEmit",
      "publish": "npm version patch && npm publish",
      "flamestore2": "npm run build && node lib/index.js -i sample/sample.json --ro firebase/functions/firestore.rules --to firebase/functions/src/flamestore/triggers.ts",
    },
    "prepublish": "npm run build",
    "publishConfig": {
      "access": "public"
    },
    "files": [
      "lib"
    ],
    "keywords": [],
    "author": "Muhamad Abdurahman <aabccd021@gmail.com>",
    "license": "ISC",
    "repository": {
      "type": "git",
      "url": "git+https://github.com/aabccd021/flamestore.git"
    },
    "bugs": {
      "url": "https://github.com/aabccd021/flamestore/issues"
    },
    "homepage": "https://github.com/aabccd021/flamestore#readme"
  }

yarn manifest: 
  No manifest

Lockfile: 
  No lockfile
